R2 sends an INIT_PDU: router_id 2
R2 receives a CIRCUIT_DB: nbr_link 3 with links:
    link link 2, cost 2
    link link 7, cost 7
    link link 3, cost 3

R2 sends a HELLO_PDU: router_id 2, link_id 2
R2 sends a HELLO_PDU: router_id 2, link_id 7
R2 sends a HELLO_PDU: router_id 2, link_id 3
R2 receives a HELLO_PDU: router_id 3, link_id 3

# Topology Database:
R2 -> R2 nbr link 3
R2 -> R2 link 2 cost 2
R2 -> R2 link 7 cost 7
R2 -> R2 link 3 cost 3


# RIB:
R2 -> R1 -> INF,inf
R2 -> R2 -> Local,0
R2 -> R3 -> INF,inf
R2 -> R4 -> INF,inf
R2 -> R5 -> INF,inf

R2 sends a LS_PDU: sender 2, router_id 2, link_id 2, cost2, via3
R2 sends a LS_PDU: sender 2, router_id 2, link_id 7, cost7, via3
R2 sends a LS_PDU: sender 2, router_id 2, link_id 3, cost3, via3
R2 receives a HELLO_PDU: router_id 4, link_id 2

# Topology Database:
R2 -> R2 nbr link 3
R2 -> R2 link 2 cost 2
R2 -> R2 link 7 cost 7
R2 -> R2 link 3 cost 3


# RIB:
R2 -> R1 -> INF,inf
R2 -> R2 -> Local,0
R2 -> R3 -> INF,inf
R2 -> R4 -> INF,inf
R2 -> R5 -> INF,inf

R2 sends a LS_PDU: sender 2, router_id 2, link_id 2, cost2, via2
R2 sends a LS_PDU: sender 2, router_id 2, link_id 7, cost7, via2
R2 sends a LS_PDU: sender 2, router_id 2, link_id 3, cost3, via2
R2 receives a HELLO_PDU: router_id 5, link_id 7

# Topology Database:
R2 -> R2 nbr link 3
R2 -> R2 link 2 cost 2
R2 -> R2 link 7 cost 7
R2 -> R2 link 3 cost 3


# RIB:
R2 -> R1 -> INF,inf
R2 -> R2 -> Local,0
R2 -> R3 -> INF,inf
R2 -> R4 -> INF,inf
R2 -> R5 -> INF,inf

R2 sends a LS_PDU: sender 2, router_id 2, link_id 2, cost2, via7
R2 sends a LS_PDU: sender 2, router_id 2, link_id 7, cost7, via7
R2 sends a LS_PDU: sender 2, router_id 2, link_id 3, cost3, via7
R2 receives a LS_PDU: sender 3, router_id 3, link_id 3, cost3, via3

# Topology Database:
R2 -> R2 nbr link 3
R2 -> R2 link 2 cost 2
R2 -> R2 link 7 cost 7
R2 -> R2 link 3 cost 3
R2 -> R3 nbr link 1
R2 -> R3 link 3 cost 3

R2 sends a LS_PDU: sender 2, router_id 3, link_id 3, cost3, via2
R2 sends a LS_PDU: sender 2, router_id 3, link_id 3, cost3, via7

# RIB:
R2 -> R1 -> INF,inf
R2 -> R2 -> Local,0
R2 -> R3 -> R3,3
R2 -> R4 -> R4,2
R2 -> R5 -> R5,7

R2 receives a LS_PDU: sender 4, router_id 4, link_id 1, cost1, via2

# Topology Database:
R2 -> R2 nbr link 3
R2 -> R2 link 2 cost 2
R2 -> R2 link 7 cost 7
R2 -> R2 link 3 cost 3
R2 -> R3 nbr link 1
R2 -> R3 link 3 cost 3
R2 -> R4 nbr link 1
R2 -> R4 link 1 cost 1

R2 sends a LS_PDU: sender 2, router_id 4, link_id 1, cost1, via3
R2 sends a LS_PDU: sender 2, router_id 4, link_id 1, cost1, via7

# RIB:
R2 -> R1 -> INF,inf
R2 -> R2 -> Local,0
R2 -> R3 -> R3,3
R2 -> R4 -> R4,2
R2 -> R5 -> R5,7

R2 receives a LS_PDU: sender 3, router_id 3, link_id 4, cost4, via3

# Topology Database:
R2 -> R2 nbr link 3
R2 -> R2 link 2 cost 2
R2 -> R2 link 7 cost 7
R2 -> R2 link 3 cost 3
R2 -> R3 nbr link 2
R2 -> R3 link 3 cost 3
R2 -> R3 link 4 cost 4
R2 -> R4 nbr link 1
R2 -> R4 link 1 cost 1

R2 sends a LS_PDU: sender 2, router_id 3, link_id 4, cost4, via2
R2 sends a LS_PDU: sender 2, router_id 3, link_id 4, cost4, via7

# RIB:
R2 -> R1 -> INF,inf
R2 -> R2 -> Local,0
R2 -> R3 -> R3,3
R2 -> R4 -> R4,2
R2 -> R5 -> R5,7

R2 receives a LS_PDU: sender 4, router_id 4, link_id 2, cost2, via2

# Topology Database:
R2 -> R2 nbr link 3
R2 -> R2 link 2 cost 2
R2 -> R2 link 7 cost 7
R2 -> R2 link 3 cost 3
R2 -> R3 nbr link 2
R2 -> R3 link 3 cost 3
R2 -> R3 link 4 cost 4
R2 -> R4 nbr link 2
R2 -> R4 link 1 cost 1
R2 -> R4 link 2 cost 2

R2 sends a LS_PDU: sender 2, router_id 4, link_id 2, cost2, via3
R2 sends a LS_PDU: sender 2, router_id 4, link_id 2, cost2, via7

# RIB:
R2 -> R1 -> INF,inf
R2 -> R2 -> Local,0
R2 -> R3 -> R3,3
R2 -> R4 -> R4,2
R2 -> R5 -> R5,7

R2 receives a LS_PDU: sender 4, router_id 4, link_id 6, cost6, via2

# Topology Database:
R2 -> R2 nbr link 3
R2 -> R2 link 2 cost 2
R2 -> R2 link 7 cost 7
R2 -> R2 link 3 cost 3
R2 -> R3 nbr link 2
R2 -> R3 link 3 cost 3
R2 -> R3 link 4 cost 4
R2 -> R4 nbr link 3
R2 -> R4 link 1 cost 1
R2 -> R4 link 2 cost 2
R2 -> R4 link 6 cost 6

R2 sends a LS_PDU: sender 2, router_id 4, link_id 6, cost6, via3
R2 sends a LS_PDU: sender 2, router_id 4, link_id 6, cost6, via7

# RIB:
R2 -> R1 -> INF,inf
R2 -> R2 -> Local,0
R2 -> R3 -> R3,3
R2 -> R4 -> R4,2
R2 -> R5 -> R5,7

R2 receives a LS_PDU: sender 4, router_id 1, link_id 1, cost1, via2

# Topology Database:
R2 -> R1 nbr link 1
R2 -> R1 link 1 cost 1
R2 -> R2 nbr link 3
R2 -> R2 link 2 cost 2
R2 -> R2 link 7 cost 7
R2 -> R2 link 3 cost 3
R2 -> R3 nbr link 2
R2 -> R3 link 3 cost 3
R2 -> R3 link 4 cost 4
R2 -> R4 nbr link 3
R2 -> R4 link 1 cost 1
R2 -> R4 link 2 cost 2
R2 -> R4 link 6 cost 6

R2 sends a LS_PDU: sender 2, router_id 1, link_id 1, cost1, via3
R2 sends a LS_PDU: sender 2, router_id 1, link_id 1, cost1, via7

# RIB:
R2 -> R1 -> INF,inf
R2 -> R2 -> Local,0
R2 -> R3 -> R3,3
R2 -> R4 -> R4,2
R2 -> R5 -> R4,3

R2 receives a LS_PDU: sender 4, router_id 1, link_id 5, cost5, via2

# Topology Database:
R2 -> R1 nbr link 2
R2 -> R1 link 1 cost 1
R2 -> R1 link 5 cost 5
R2 -> R2 nbr link 3
R2 -> R2 link 2 cost 2
R2 -> R2 link 7 cost 7
R2 -> R2 link 3 cost 3
R2 -> R3 nbr link 2
R2 -> R3 link 3 cost 3
R2 -> R3 link 4 cost 4
R2 -> R4 nbr link 3
R2 -> R4 link 1 cost 1
R2 -> R4 link 2 cost 2
R2 -> R4 link 6 cost 6

R2 sends a LS_PDU: sender 2, router_id 1, link_id 5, cost5, via3
R2 sends a LS_PDU: sender 2, router_id 1, link_id 5, cost5, via7

# RIB:
R2 -> R1 -> INF,inf
R2 -> R2 -> Local,0
R2 -> R3 -> R3,3
R2 -> R4 -> R4,2
R2 -> R5 -> R4,3

R2 receives a LS_PDU: sender 3, router_id 5, link_id 4, cost4, via3

# Topology Database:
R2 -> R1 nbr link 2
R2 -> R1 link 1 cost 1
R2 -> R1 link 5 cost 5
R2 -> R2 nbr link 3
R2 -> R2 link 2 cost 2
R2 -> R2 link 7 cost 7
R2 -> R2 link 3 cost 3
R2 -> R3 nbr link 2
R2 -> R3 link 3 cost 3
R2 -> R3 link 4 cost 4
R2 -> R4 nbr link 3
R2 -> R4 link 1 cost 1
R2 -> R4 link 2 cost 2
R2 -> R4 link 6 cost 6
R2 -> R5 nbr link 1
R2 -> R5 link 4 cost 4

R2 sends a LS_PDU: sender 2, router_id 5, link_id 4, cost4, via2
R2 sends a LS_PDU: sender 2, router_id 5, link_id 4, cost4, via7

# RIB:
R2 -> R1 -> INF,inf
R2 -> R2 -> Local,0
R2 -> R3 -> R3,3
R2 -> R4 -> R4,2
R2 -> R5 -> R4,3

R2 receives a LS_PDU: sender 3, router_id 5, link_id 7, cost7, via3

# Topology Database:
R2 -> R1 nbr link 2
R2 -> R1 link 1 cost 1
R2 -> R1 link 5 cost 5
R2 -> R2 nbr link 3
R2 -> R2 link 2 cost 2
R2 -> R2 link 7 cost 7
R2 -> R2 link 3 cost 3
R2 -> R3 nbr link 2
R2 -> R3 link 3 cost 3
R2 -> R3 link 4 cost 4
R2 -> R4 nbr link 3
R2 -> R4 link 1 cost 1
R2 -> R4 link 2 cost 2
R2 -> R4 link 6 cost 6
R2 -> R5 nbr link 2
R2 -> R5 link 4 cost 4
R2 -> R5 link 7 cost 7

R2 sends a LS_PDU: sender 2, router_id 5, link_id 7, cost7, via2
R2 sends a LS_PDU: sender 2, router_id 5, link_id 7, cost7, via7

# RIB:
R2 -> R1 -> INF,inf
R2 -> R2 -> Local,0
R2 -> R3 -> R3,3
R2 -> R4 -> R4,2
R2 -> R5 -> R4,3

R2 receives a LS_PDU: sender 4, router_id 5, link_id 4, cost4, via2
R2 receives a LS_PDU: sender 3, router_id 5, link_id 6, cost6, via3

# Topology Database:
R2 -> R1 nbr link 2
R2 -> R1 link 1 cost 1
R2 -> R1 link 5 cost 5
R2 -> R2 nbr link 3
R2 -> R2 link 2 cost 2
R2 -> R2 link 7 cost 7
R2 -> R2 link 3 cost 3
R2 -> R3 nbr link 2
R2 -> R3 link 3 cost 3
R2 -> R3 link 4 cost 4
R2 -> R4 nbr link 3
R2 -> R4 link 1 cost 1
R2 -> R4 link 2 cost 2
R2 -> R4 link 6 cost 6
R2 -> R5 nbr link 3
R2 -> R5 link 4 cost 4
R2 -> R5 link 7 cost 7
R2 -> R5 link 6 cost 6

R2 sends a LS_PDU: sender 2, router_id 5, link_id 6, cost6, via2
R2 sends a LS_PDU: sender 2, router_id 5, link_id 6, cost6, via7

# RIB:
R2 -> R1 -> INF,inf
R2 -> R2 -> Local,0
R2 -> R3 -> R3,3
R2 -> R4 -> R4,2
R2 -> R5 -> R4,3

R2 receives a LS_PDU: sender 3, router_id 5, link_id 5, cost5, via3

# Topology Database:
R2 -> R1 nbr link 2
R2 -> R1 link 1 cost 1
R2 -> R1 link 5 cost 5
R2 -> R2 nbr link 3
R2 -> R2 link 2 cost 2
R2 -> R2 link 7 cost 7
R2 -> R2 link 3 cost 3
R2 -> R3 nbr link 2
R2 -> R3 link 3 cost 3
R2 -> R3 link 4 cost 4
R2 -> R4 nbr link 3
R2 -> R4 link 1 cost 1
R2 -> R4 link 2 cost 2
R2 -> R4 link 6 cost 6
R2 -> R5 nbr link 4
R2 -> R5 link 4 cost 4
R2 -> R5 link 7 cost 7
R2 -> R5 link 6 cost 6
R2 -> R5 link 5 cost 5

R2 sends a LS_PDU: sender 2, router_id 5, link_id 5, cost5, via2
R2 sends a LS_PDU: sender 2, router_id 5, link_id 5, cost5, via7

# RIB:
R2 -> R1 -> INF,inf
R2 -> R2 -> Local,0
R2 -> R3 -> R3,3
R2 -> R4 -> R4,2
R2 -> R5 -> R4,3

R2 receives a LS_PDU: sender 5, router_id 5, link_id 4, cost4, via7
R2 receives a LS_PDU: sender 5, router_id 5, link_id 7, cost7, via7
R2 receives a LS_PDU: sender 5, router_id 5, link_id 6, cost6, via7
R2 receives a LS_PDU: sender 4, router_id 5, link_id 7, cost7, via2
R2 receives a LS_PDU: sender 5, router_id 5, link_id 5, cost5, via7
R2 receives a LS_PDU: sender 5, router_id 3, link_id 3, cost3, via7
R2 receives a LS_PDU: sender 5, router_id 3, link_id 4, cost4, via7
R2 receives a LS_PDU: sender 4, router_id 5, link_id 6, cost6, via2
R2 receives a LS_PDU: sender 4, router_id 5, link_id 5, cost5, via2
R2 receives a LS_PDU: sender 5, router_id 2, link_id 2, cost2, via7
R2 receives a LS_PDU: sender 5, router_id 4, link_id 1, cost1, via7
R2 receives a LS_PDU: sender 5, router_id 4, link_id 2, cost2, via7
R2 receives a LS_PDU: sender 5, router_id 4, link_id 6, cost6, via7
R2 receives a LS_PDU: sender 5, router_id 2, link_id 7, cost7, via7
R2 receives a LS_PDU: sender 5, router_id 1, link_id 1, cost1, via7
R2 receives a LS_PDU: sender 5, router_id 1, link_id 5, cost5, via7
