R3 sends an INIT_PDU: router_id 3
R3 receives a CIRCUIT_DB: nbr_link 2 with links:
    link link 3, cost 3
    link link 4, cost 4

R3 sends a HELLO_PDU: router_id 3, link_id 3
R3 sends a HELLO_PDU: router_id 3, link_id 4
R3 receives a HELLO_PDU: router_id 5, link_id 4

# Topology Database:
R3 -> R3 nbr link 2
R3 -> R3 link 3 cost 3
R3 -> R3 link 4 cost 4


# RIB:
R3 -> R1 -> INF,inf
R3 -> R2 -> INF,inf
R3 -> R3 -> Local,0
R3 -> R4 -> INF,inf
R3 -> R5 -> INF,inf

R3 sends a LS_PDU: sender 3, router_id 3, link_id 3, cost3, via4
R3 sends a LS_PDU: sender 3, router_id 3, link_id 4, cost4, via4
R3 receives a HELLO_PDU: router_id 2, link_id 3

# Topology Database:
R3 -> R3 nbr link 2
R3 -> R3 link 3 cost 3
R3 -> R3 link 4 cost 4


# RIB:
R3 -> R1 -> INF,inf
R3 -> R2 -> INF,inf
R3 -> R3 -> Local,0
R3 -> R4 -> INF,inf
R3 -> R5 -> INF,inf

R3 sends a LS_PDU: sender 3, router_id 3, link_id 3, cost3, via3
R3 sends a LS_PDU: sender 3, router_id 3, link_id 4, cost4, via3
R3 receives a LS_PDU: sender 2, router_id 2, link_id 2, cost2, via3

# Topology Database:
R3 -> R2 nbr link 1
R3 -> R2 link 2 cost 2
R3 -> R3 nbr link 2
R3 -> R3 link 3 cost 3
R3 -> R3 link 4 cost 4

R3 sends a LS_PDU: sender 3, router_id 2, link_id 2, cost2, via4

# RIB:
R3 -> R1 -> INF,inf
R3 -> R2 -> R2,3
R3 -> R3 -> Local,0
R3 -> R4 -> INF,inf
R3 -> R5 -> R5,4

R3 receives a LS_PDU: sender 2, router_id 2, link_id 7, cost7, via3

# Topology Database:
R3 -> R2 nbr link 2
R3 -> R2 link 2 cost 2
R3 -> R2 link 7 cost 7
R3 -> R3 nbr link 2
R3 -> R3 link 3 cost 3
R3 -> R3 link 4 cost 4

R3 sends a LS_PDU: sender 3, router_id 2, link_id 7, cost7, via4

# RIB:
R3 -> R1 -> INF,inf
R3 -> R2 -> R2,3
R3 -> R3 -> Local,0
R3 -> R4 -> INF,inf
R3 -> R5 -> R5,4

R3 receives a LS_PDU: sender 2, router_id 2, link_id 3, cost3, via3

# Topology Database:
R3 -> R2 nbr link 3
R3 -> R2 link 2 cost 2
R3 -> R2 link 7 cost 7
R3 -> R2 link 3 cost 3
R3 -> R3 nbr link 2
R3 -> R3 link 3 cost 3
R3 -> R3 link 4 cost 4

R3 sends a LS_PDU: sender 3, router_id 2, link_id 3, cost3, via4

# RIB:
R3 -> R1 -> INF,inf
R3 -> R2 -> R2,3
R3 -> R3 -> Local,0
R3 -> R4 -> INF,inf
R3 -> R5 -> R5,4

R3 receives a LS_PDU: sender 5, router_id 5, link_id 4, cost4, via4

# Topology Database:
R3 -> R2 nbr link 3
R3 -> R2 link 2 cost 2
R3 -> R2 link 7 cost 7
R3 -> R2 link 3 cost 3
R3 -> R3 nbr link 2
R3 -> R3 link 3 cost 3
R3 -> R3 link 4 cost 4
R3 -> R5 nbr link 1
R3 -> R5 link 4 cost 4

R3 sends a LS_PDU: sender 3, router_id 5, link_id 4, cost4, via3

# RIB:
R3 -> R1 -> INF,inf
R3 -> R2 -> R2,3
R3 -> R3 -> Local,0
R3 -> R4 -> INF,inf
R3 -> R5 -> R5,4

R3 receives a LS_PDU: sender 5, router_id 5, link_id 7, cost7, via4

# Topology Database:
R3 -> R2 nbr link 3
R3 -> R2 link 2 cost 2
R3 -> R2 link 7 cost 7
R3 -> R2 link 3 cost 3
R3 -> R3 nbr link 2
R3 -> R3 link 3 cost 3
R3 -> R3 link 4 cost 4
R3 -> R5 nbr link 2
R3 -> R5 link 4 cost 4
R3 -> R5 link 7 cost 7

R3 sends a LS_PDU: sender 3, router_id 5, link_id 7, cost7, via3

# RIB:
R3 -> R1 -> INF,inf
R3 -> R2 -> R2,3
R3 -> R3 -> Local,0
R3 -> R4 -> INF,inf
R3 -> R5 -> R5,4

R3 receives a LS_PDU: sender 5, router_id 5, link_id 6, cost6, via4

# Topology Database:
R3 -> R2 nbr link 3
R3 -> R2 link 2 cost 2
R3 -> R2 link 7 cost 7
R3 -> R2 link 3 cost 3
R3 -> R3 nbr link 2
R3 -> R3 link 3 cost 3
R3 -> R3 link 4 cost 4
R3 -> R5 nbr link 3
R3 -> R5 link 4 cost 4
R3 -> R5 link 7 cost 7
R3 -> R5 link 6 cost 6

R3 sends a LS_PDU: sender 3, router_id 5, link_id 6, cost6, via3

# RIB:
R3 -> R1 -> INF,inf
R3 -> R2 -> R2,3
R3 -> R3 -> Local,0
R3 -> R4 -> INF,inf
R3 -> R5 -> R5,4

R3 receives a LS_PDU: sender 5, router_id 5, link_id 5, cost5, via4

# Topology Database:
R3 -> R2 nbr link 3
R3 -> R2 link 2 cost 2
R3 -> R2 link 7 cost 7
R3 -> R2 link 3 cost 3
R3 -> R3 nbr link 2
R3 -> R3 link 3 cost 3
R3 -> R3 link 4 cost 4
R3 -> R5 nbr link 4
R3 -> R5 link 4 cost 4
R3 -> R5 link 7 cost 7
R3 -> R5 link 6 cost 6
R3 -> R5 link 5 cost 5

R3 sends a LS_PDU: sender 3, router_id 5, link_id 5, cost5, via3

# RIB:
R3 -> R1 -> INF,inf
R3 -> R2 -> R2,3
R3 -> R3 -> Local,0
R3 -> R4 -> INF,inf
R3 -> R5 -> R5,4

R3 receives a LS_PDU: sender 2, router_id 4, link_id 1, cost1, via3

# Topology Database:
R3 -> R2 nbr link 3
R3 -> R2 link 2 cost 2
R3 -> R2 link 7 cost 7
R3 -> R2 link 3 cost 3
R3 -> R3 nbr link 2
R3 -> R3 link 3 cost 3
R3 -> R3 link 4 cost 4
R3 -> R4 nbr link 1
R3 -> R4 link 1 cost 1
R3 -> R5 nbr link 4
R3 -> R5 link 4 cost 4
R3 -> R5 link 7 cost 7
R3 -> R5 link 6 cost 6
R3 -> R5 link 5 cost 5

R3 sends a LS_PDU: sender 3, router_id 4, link_id 1, cost1, via4

# RIB:
R3 -> R1 -> INF,inf
R3 -> R2 -> R2,3
R3 -> R3 -> Local,0
R3 -> R4 -> INF,inf
R3 -> R5 -> R5,4

R3 receives a LS_PDU: sender 2, router_id 4, link_id 2, cost2, via3

# Topology Database:
R3 -> R2 nbr link 3
R3 -> R2 link 2 cost 2
R3 -> R2 link 7 cost 7
R3 -> R2 link 3 cost 3
R3 -> R3 nbr link 2
R3 -> R3 link 3 cost 3
R3 -> R3 link 4 cost 4
R3 -> R4 nbr link 2
R3 -> R4 link 1 cost 1
R3 -> R4 link 2 cost 2
R3 -> R5 nbr link 4
R3 -> R5 link 4 cost 4
R3 -> R5 link 7 cost 7
R3 -> R5 link 6 cost 6
R3 -> R5 link 5 cost 5

R3 sends a LS_PDU: sender 3, router_id 4, link_id 2, cost2, via4

# RIB:
R3 -> R1 -> INF,inf
R3 -> R2 -> R2,3
R3 -> R3 -> Local,0
R3 -> R4 -> INF,inf
R3 -> R5 -> R5,4

R3 receives a LS_PDU: sender 2, router_id 4, link_id 6, cost6, via3

# Topology Database:
R3 -> R2 nbr link 3
R3 -> R2 link 2 cost 2
R3 -> R2 link 7 cost 7
R3 -> R2 link 3 cost 3
R3 -> R3 nbr link 2
R3 -> R3 link 3 cost 3
R3 -> R3 link 4 cost 4
R3 -> R4 nbr link 3
R3 -> R4 link 1 cost 1
R3 -> R4 link 2 cost 2
R3 -> R4 link 6 cost 6
R3 -> R5 nbr link 4
R3 -> R5 link 4 cost 4
R3 -> R5 link 7 cost 7
R3 -> R5 link 6 cost 6
R3 -> R5 link 5 cost 5

R3 sends a LS_PDU: sender 3, router_id 4, link_id 6, cost6, via4

# RIB:
R3 -> R1 -> INF,inf
R3 -> R2 -> R2,3
R3 -> R3 -> Local,0
R3 -> R4 -> INF,inf
R3 -> R5 -> R5,4

R3 receives a LS_PDU: sender 2, router_id 1, link_id 1, cost1, via3

# Topology Database:
R3 -> R1 nbr link 1
R3 -> R1 link 1 cost 1
R3 -> R2 nbr link 3
R3 -> R2 link 2 cost 2
R3 -> R2 link 7 cost 7
R3 -> R2 link 3 cost 3
R3 -> R3 nbr link 2
R3 -> R3 link 3 cost 3
R3 -> R3 link 4 cost 4
R3 -> R4 nbr link 3
R3 -> R4 link 1 cost 1
R3 -> R4 link 2 cost 2
R3 -> R4 link 6 cost 6
R3 -> R5 nbr link 4
R3 -> R5 link 4 cost 4
R3 -> R5 link 7 cost 7
R3 -> R5 link 6 cost 6
R3 -> R5 link 5 cost 5

R3 sends a LS_PDU: sender 3, router_id 1, link_id 1, cost1, via4

# RIB:
R3 -> R1 -> INF,inf
R3 -> R2 -> R2,3
R3 -> R3 -> Local,0
R3 -> R4 -> INF,inf
R3 -> R5 -> R5,4

R3 receives a LS_PDU: sender 2, router_id 1, link_id 5, cost5, via3

# Topology Database:
R3 -> R1 nbr link 2
R3 -> R1 link 1 cost 1
R3 -> R1 link 5 cost 5
R3 -> R2 nbr link 3
R3 -> R2 link 2 cost 2
R3 -> R2 link 7 cost 7
R3 -> R2 link 3 cost 3
R3 -> R3 nbr link 2
R3 -> R3 link 3 cost 3
R3 -> R3 link 4 cost 4
R3 -> R4 nbr link 3
R3 -> R4 link 1 cost 1
R3 -> R4 link 2 cost 2
R3 -> R4 link 6 cost 6
R3 -> R5 nbr link 4
R3 -> R5 link 4 cost 4
R3 -> R5 link 7 cost 7
R3 -> R5 link 6 cost 6
R3 -> R5 link 5 cost 5

R3 sends a LS_PDU: sender 3, router_id 1, link_id 5, cost5, via4

# RIB:
R3 -> R1 -> INF,inf
R3 -> R2 -> R2,3
R3 -> R3 -> Local,0
R3 -> R4 -> INF,inf
R3 -> R5 -> R5,4

R3 receives a LS_PDU: sender 5, router_id 4, link_id 1, cost1, via4
R3 receives a LS_PDU: sender 5, router_id 4, link_id 2, cost2, via4
R3 receives a LS_PDU: sender 5, router_id 4, link_id 6, cost6, via4
R3 receives a LS_PDU: sender 5, router_id 2, link_id 3, cost3, via4
R3 receives a LS_PDU: sender 5, router_id 1, link_id 1, cost1, via4
R3 receives a LS_PDU: sender 5, router_id 1, link_id 5, cost5, via4
