R5 sends an INIT_PDU: router_id 5
R5 receives a CIRCUIT_DB: nbr_link 4 with links:
    link link 4, cost 4
    link link 7, cost 7
    link link 6, cost 6
    link link 5, cost 5

R5 sends a HELLO_PDU: router_id 5, link_id 4
R5 sends a HELLO_PDU: router_id 5, link_id 7
R5 sends a HELLO_PDU: router_id 5, link_id 6
R5 sends a HELLO_PDU: router_id 5, link_id 5
R5 receives a HELLO_PDU: router_id 4, link_id 6

# Topology Database:
R5 -> R5 nbr link 4
R5 -> R5 link 4 cost 4
R5 -> R5 link 7 cost 7
R5 -> R5 link 6 cost 6
R5 -> R5 link 5 cost 5


# RIB:
R5 -> R1 -> INF,inf
R5 -> R2 -> INF,inf
R5 -> R3 -> INF,inf
R5 -> R4 -> INF,inf
R5 -> R5 -> Local,0

R5 sends a LS_PDU: sender 5, router_id 5, link_id 4, cost4, via6
R5 sends a LS_PDU: sender 5, router_id 5, link_id 7, cost7, via6
R5 sends a LS_PDU: sender 5, router_id 5, link_id 6, cost6, via6
R5 sends a LS_PDU: sender 5, router_id 5, link_id 5, cost5, via6
R5 receives a HELLO_PDU: router_id 3, link_id 4

# Topology Database:
R5 -> R5 nbr link 4
R5 -> R5 link 4 cost 4
R5 -> R5 link 7 cost 7
R5 -> R5 link 6 cost 6
R5 -> R5 link 5 cost 5


# RIB:
R5 -> R1 -> INF,inf
R5 -> R2 -> INF,inf
R5 -> R3 -> INF,inf
R5 -> R4 -> INF,inf
R5 -> R5 -> Local,0

R5 sends a LS_PDU: sender 5, router_id 5, link_id 4, cost4, via4
R5 sends a LS_PDU: sender 5, router_id 5, link_id 7, cost7, via4
R5 sends a LS_PDU: sender 5, router_id 5, link_id 6, cost6, via4
R5 sends a LS_PDU: sender 5, router_id 5, link_id 5, cost5, via4
R5 receives a HELLO_PDU: router_id 1, link_id 5

# Topology Database:
R5 -> R5 nbr link 4
R5 -> R5 link 4 cost 4
R5 -> R5 link 7 cost 7
R5 -> R5 link 6 cost 6
R5 -> R5 link 5 cost 5


# RIB:
R5 -> R1 -> INF,inf
R5 -> R2 -> INF,inf
R5 -> R3 -> INF,inf
R5 -> R4 -> INF,inf
R5 -> R5 -> Local,0

R5 sends a LS_PDU: sender 5, router_id 5, link_id 4, cost4, via5
R5 sends a LS_PDU: sender 5, router_id 5, link_id 7, cost7, via5
R5 sends a LS_PDU: sender 5, router_id 5, link_id 6, cost6, via5
R5 sends a LS_PDU: sender 5, router_id 5, link_id 5, cost5, via5
R5 receives a HELLO_PDU: router_id 2, link_id 7

# Topology Database:
R5 -> R5 nbr link 4
R5 -> R5 link 4 cost 4
R5 -> R5 link 7 cost 7
R5 -> R5 link 6 cost 6
R5 -> R5 link 5 cost 5


# RIB:
R5 -> R1 -> INF,inf
R5 -> R2 -> INF,inf
R5 -> R3 -> INF,inf
R5 -> R4 -> INF,inf
R5 -> R5 -> Local,0

R5 sends a LS_PDU: sender 5, router_id 5, link_id 4, cost4, via7
R5 sends a LS_PDU: sender 5, router_id 5, link_id 7, cost7, via7
R5 sends a LS_PDU: sender 5, router_id 5, link_id 6, cost6, via7
R5 sends a LS_PDU: sender 5, router_id 5, link_id 5, cost5, via7
R5 receives a LS_PDU: sender 3, router_id 3, link_id 3, cost3, via4

# Topology Database:
R5 -> R3 nbr link 1
R5 -> R3 link 3 cost 3
R5 -> R5 nbr link 4
R5 -> R5 link 4 cost 4
R5 -> R5 link 7 cost 7
R5 -> R5 link 6 cost 6
R5 -> R5 link 5 cost 5

R5 sends a LS_PDU: sender 5, router_id 3, link_id 3, cost3, via6
R5 sends a LS_PDU: sender 5, router_id 3, link_id 3, cost3, via5
R5 sends a LS_PDU: sender 5, router_id 3, link_id 3, cost3, via7

# RIB:
R5 -> R1 -> R1,5
R5 -> R2 -> R2,7
R5 -> R3 -> R3,4
R5 -> R4 -> R4,6
R5 -> R5 -> Local,0

R5 receives a LS_PDU: sender 3, router_id 3, link_id 4, cost4, via4

# Topology Database:
R5 -> R3 nbr link 2
R5 -> R3 link 3 cost 3
R5 -> R3 link 4 cost 4
R5 -> R5 nbr link 4
R5 -> R5 link 4 cost 4
R5 -> R5 link 7 cost 7
R5 -> R5 link 6 cost 6
R5 -> R5 link 5 cost 5

R5 sends a LS_PDU: sender 5, router_id 3, link_id 4, cost4, via6
R5 sends a LS_PDU: sender 5, router_id 3, link_id 4, cost4, via5
R5 sends a LS_PDU: sender 5, router_id 3, link_id 4, cost4, via7

# RIB:
R5 -> R1 -> R1,5
R5 -> R2 -> R2,7
R5 -> R3 -> R3,4
R5 -> R4 -> R4,6
R5 -> R5 -> Local,0

R5 receives a LS_PDU: sender 3, router_id 2, link_id 2, cost2, via4

# Topology Database:
R5 -> R2 nbr link 1
R5 -> R2 link 2 cost 2
R5 -> R3 nbr link 2
R5 -> R3 link 3 cost 3
R5 -> R3 link 4 cost 4
R5 -> R5 nbr link 4
R5 -> R5 link 4 cost 4
R5 -> R5 link 7 cost 7
R5 -> R5 link 6 cost 6
R5 -> R5 link 5 cost 5

R5 sends a LS_PDU: sender 5, router_id 2, link_id 2, cost2, via6
R5 sends a LS_PDU: sender 5, router_id 2, link_id 2, cost2, via5
R5 sends a LS_PDU: sender 5, router_id 2, link_id 2, cost2, via7

# RIB:
R5 -> R1 -> R1,5
R5 -> R2 -> R2,7
R5 -> R3 -> R3,4
R5 -> R4 -> R4,6
R5 -> R5 -> Local,0

R5 receives a LS_PDU: sender 4, router_id 4, link_id 1, cost1, via6

# Topology Database:
R5 -> R2 nbr link 1
R5 -> R2 link 2 cost 2
R5 -> R3 nbr link 2
R5 -> R3 link 3 cost 3
R5 -> R3 link 4 cost 4
R5 -> R4 nbr link 1
R5 -> R4 link 1 cost 1
R5 -> R5 nbr link 4
R5 -> R5 link 4 cost 4
R5 -> R5 link 7 cost 7
R5 -> R5 link 6 cost 6
R5 -> R5 link 5 cost 5

R5 sends a LS_PDU: sender 5, router_id 4, link_id 1, cost1, via4
R5 sends a LS_PDU: sender 5, router_id 4, link_id 1, cost1, via5
R5 sends a LS_PDU: sender 5, router_id 4, link_id 1, cost1, via7

# RIB:
R5 -> R1 -> R1,5
R5 -> R2 -> R2,7
R5 -> R3 -> R3,4
R5 -> R4 -> R4,6
R5 -> R5 -> Local,0

R5 receives a LS_PDU: sender 4, router_id 4, link_id 2, cost2, via6

# Topology Database:
R5 -> R2 nbr link 1
R5 -> R2 link 2 cost 2
R5 -> R3 nbr link 2
R5 -> R3 link 3 cost 3
R5 -> R3 link 4 cost 4
R5 -> R4 nbr link 2
R5 -> R4 link 1 cost 1
R5 -> R4 link 2 cost 2
R5 -> R5 nbr link 4
R5 -> R5 link 4 cost 4
R5 -> R5 link 7 cost 7
R5 -> R5 link 6 cost 6
R5 -> R5 link 5 cost 5

R5 sends a LS_PDU: sender 5, router_id 4, link_id 2, cost2, via4
R5 sends a LS_PDU: sender 5, router_id 4, link_id 2, cost2, via5
R5 sends a LS_PDU: sender 5, router_id 4, link_id 2, cost2, via7

# RIB:
R5 -> R1 -> R1,5
R5 -> R2 -> R2,7
R5 -> R3 -> R3,4
R5 -> R4 -> R4,6
R5 -> R5 -> Local,0

R5 receives a LS_PDU: sender 4, router_id 4, link_id 6, cost6, via6

# Topology Database:
R5 -> R2 nbr link 1
R5 -> R2 link 2 cost 2
R5 -> R3 nbr link 2
R5 -> R3 link 3 cost 3
R5 -> R3 link 4 cost 4
R5 -> R4 nbr link 3
R5 -> R4 link 1 cost 1
R5 -> R4 link 2 cost 2
R5 -> R4 link 6 cost 6
R5 -> R5 nbr link 4
R5 -> R5 link 4 cost 4
R5 -> R5 link 7 cost 7
R5 -> R5 link 6 cost 6
R5 -> R5 link 5 cost 5

R5 sends a LS_PDU: sender 5, router_id 4, link_id 6, cost6, via4
R5 sends a LS_PDU: sender 5, router_id 4, link_id 6, cost6, via5
R5 sends a LS_PDU: sender 5, router_id 4, link_id 6, cost6, via7

# RIB:
R5 -> R1 -> R1,5
R5 -> R2 -> R2,7
R5 -> R3 -> R3,4
R5 -> R4 -> R4,6
R5 -> R5 -> Local,0

R5 receives a LS_PDU: sender 3, router_id 2, link_id 7, cost7, via4

# Topology Database:
R5 -> R2 nbr link 2
R5 -> R2 link 2 cost 2
R5 -> R2 link 7 cost 7
R5 -> R3 nbr link 2
R5 -> R3 link 3 cost 3
R5 -> R3 link 4 cost 4
R5 -> R4 nbr link 3
R5 -> R4 link 1 cost 1
R5 -> R4 link 2 cost 2
R5 -> R4 link 6 cost 6
R5 -> R5 nbr link 4
R5 -> R5 link 4 cost 4
R5 -> R5 link 7 cost 7
R5 -> R5 link 6 cost 6
R5 -> R5 link 5 cost 5

R5 sends a LS_PDU: sender 5, router_id 2, link_id 7, cost7, via6
R5 sends a LS_PDU: sender 5, router_id 2, link_id 7, cost7, via5
R5 sends a LS_PDU: sender 5, router_id 2, link_id 7, cost7, via7

# RIB:
R5 -> R1 -> R1,5
R5 -> R2 -> R2,7
R5 -> R3 -> R3,4
R5 -> R4 -> R4,6
R5 -> R5 -> Local,0

R5 receives a LS_PDU: sender 2, router_id 2, link_id 2, cost2, via7
R5 receives a LS_PDU: sender 2, router_id 2, link_id 7, cost7, via7
R5 receives a LS_PDU: sender 2, router_id 2, link_id 3, cost3, via7

# Topology Database:
R5 -> R2 nbr link 3
R5 -> R2 link 2 cost 2
R5 -> R2 link 7 cost 7
R5 -> R2 link 3 cost 3
R5 -> R3 nbr link 2
R5 -> R3 link 3 cost 3
R5 -> R3 link 4 cost 4
R5 -> R4 nbr link 3
R5 -> R4 link 1 cost 1
R5 -> R4 link 2 cost 2
R5 -> R4 link 6 cost 6
R5 -> R5 nbr link 4
R5 -> R5 link 4 cost 4
R5 -> R5 link 7 cost 7
R5 -> R5 link 6 cost 6
R5 -> R5 link 5 cost 5

R5 sends a LS_PDU: sender 5, router_id 2, link_id 3, cost3, via6
R5 sends a LS_PDU: sender 5, router_id 2, link_id 3, cost3, via4
R5 sends a LS_PDU: sender 5, router_id 2, link_id 3, cost3, via5

# RIB:
R5 -> R1 -> R1,5
R5 -> R2 -> R2,7
R5 -> R3 -> R3,4
R5 -> R4 -> R4,6
R5 -> R5 -> Local,0

R5 receives a LS_PDU: sender 4, router_id 1, link_id 1, cost1, via6

# Topology Database:
R5 -> R1 nbr link 1
R5 -> R1 link 1 cost 1
R5 -> R2 nbr link 3
R5 -> R2 link 2 cost 2
R5 -> R2 link 7 cost 7
R5 -> R2 link 3 cost 3
R5 -> R3 nbr link 2
R5 -> R3 link 3 cost 3
R5 -> R3 link 4 cost 4
R5 -> R4 nbr link 3
R5 -> R4 link 1 cost 1
R5 -> R4 link 2 cost 2
R5 -> R4 link 6 cost 6
R5 -> R5 nbr link 4
R5 -> R5 link 4 cost 4
R5 -> R5 link 7 cost 7
R5 -> R5 link 6 cost 6
R5 -> R5 link 5 cost 5

R5 sends a LS_PDU: sender 5, router_id 1, link_id 1, cost1, via4
R5 sends a LS_PDU: sender 5, router_id 1, link_id 1, cost1, via5
R5 sends a LS_PDU: sender 5, router_id 1, link_id 1, cost1, via7

# RIB:
R5 -> R1 -> R1,5
R5 -> R2 -> R2,7
R5 -> R3 -> R3,4
R5 -> R4 -> R4,6
R5 -> R5 -> Local,0

R5 receives a LS_PDU: sender 3, router_id 2, link_id 3, cost3, via4
R5 receives a LS_PDU: sender 2, router_id 3, link_id 3, cost3, via7
R5 receives a LS_PDU: sender 4, router_id 1, link_id 5, cost5, via6

# Topology Database:
R5 -> R1 nbr link 2
R5 -> R1 link 1 cost 1
R5 -> R1 link 5 cost 5
R5 -> R2 nbr link 3
R5 -> R2 link 2 cost 2
R5 -> R2 link 7 cost 7
R5 -> R2 link 3 cost 3
R5 -> R3 nbr link 2
R5 -> R3 link 3 cost 3
R5 -> R3 link 4 cost 4
R5 -> R4 nbr link 3
R5 -> R4 link 1 cost 1
R5 -> R4 link 2 cost 2
R5 -> R4 link 6 cost 6
R5 -> R5 nbr link 4
R5 -> R5 link 4 cost 4
R5 -> R5 link 7 cost 7
R5 -> R5 link 6 cost 6
R5 -> R5 link 5 cost 5

R5 sends a LS_PDU: sender 5, router_id 1, link_id 5, cost5, via4
R5 sends a LS_PDU: sender 5, router_id 1, link_id 5, cost5, via5
R5 sends a LS_PDU: sender 5, router_id 1, link_id 5, cost5, via7

# RIB:
R5 -> R1 -> R1,5
R5 -> R2 -> R2,7
R5 -> R3 -> R3,4
R5 -> R4 -> R4,6
R5 -> R5 -> Local,0

R5 receives a LS_PDU: sender 1, router_id 1, link_id 1, cost1, via5
R5 receives a LS_PDU: sender 2, router_id 4, link_id 1, cost1, via7
R5 receives a LS_PDU: sender 1, router_id 1, link_id 5, cost5, via5
R5 receives a LS_PDU: sender 1, router_id 4, link_id 6, cost6, via5
R5 receives a LS_PDU: sender 2, router_id 3, link_id 4, cost4, via7
R5 receives a LS_PDU: sender 4, router_id 2, link_id 2, cost2, via6
R5 receives a LS_PDU: sender 1, router_id 5, link_id 4, cost4, via5
R5 receives a LS_PDU: sender 2, router_id 4, link_id 2, cost2, via7
R5 receives a LS_PDU: sender 3, router_id 4, link_id 1, cost1, via4
R5 receives a LS_PDU: sender 3, router_id 4, link_id 2, cost2, via4
R5 receives a LS_PDU: sender 2, router_id 4, link_id 6, cost6, via7
R5 receives a LS_PDU: sender 4, router_id 2, link_id 7, cost7, via6
R5 receives a LS_PDU: sender 3, router_id 4, link_id 6, cost6, via4
R5 receives a LS_PDU: sender 2, router_id 1, link_id 1, cost1, via7
R5 receives a LS_PDU: sender 3, router_id 1, link_id 1, cost1, via4
R5 receives a LS_PDU: sender 4, router_id 2, link_id 3, cost3, via6
R5 receives a LS_PDU: sender 2, router_id 1, link_id 5, cost5, via7
R5 receives a LS_PDU: sender 3, router_id 1, link_id 5, cost5, via4
R5 receives a LS_PDU: sender 2, router_id 5, link_id 4, cost4, via7
R5 receives a LS_PDU: sender 1, router_id 2, link_id 2, cost2, via5
R5 receives a LS_PDU: sender 2, router_id 5, link_id 7, cost7, via7
R5 receives a LS_PDU: sender 4, router_id 3, link_id 3, cost3, via6
R5 receives a LS_PDU: sender 1, router_id 2, link_id 7, cost7, via5
R5 receives a LS_PDU: sender 2, router_id 5, link_id 6, cost6, via7
R5 receives a LS_PDU: sender 4, router_id 3, link_id 4, cost4, via6
R5 receives a LS_PDU: sender 2, router_id 5, link_id 5, cost5, via7
R5 receives a LS_PDU: sender 1, router_id 2, link_id 3, cost3, via5
