R4 sends an INIT_PDU: router_id 4
R4 receives a CIRCUIT_DB: nbr_link 3 with links:
    link link 1, cost 1
    link link 2, cost 2
    link link 6, cost 6

R4 sends a HELLO_PDU: router_id 4, link_id 1
R4 sends a HELLO_PDU: router_id 4, link_id 2
R4 sends a HELLO_PDU: router_id 4, link_id 6
R4 receives a HELLO_PDU: router_id 1, link_id 1

# Topology Database:
R4 -> R4 nbr link 3
R4 -> R4 link 1 cost 1
R4 -> R4 link 2 cost 2
R4 -> R4 link 6 cost 6


# RIB:
R4 -> R1 -> INF,inf
R4 -> R2 -> INF,inf
R4 -> R3 -> INF,inf
R4 -> R4 -> Local,0
R4 -> R5 -> INF,inf

R4 sends a LS_PDU: sender 4, router_id 4, link_id 1, cost1, via1
R4 sends a LS_PDU: sender 4, router_id 4, link_id 2, cost2, via1
R4 sends a LS_PDU: sender 4, router_id 4, link_id 6, cost6, via1
R4 receives a HELLO_PDU: router_id 2, link_id 2

# Topology Database:
R4 -> R4 nbr link 3
R4 -> R4 link 1 cost 1
R4 -> R4 link 2 cost 2
R4 -> R4 link 6 cost 6


# RIB:
R4 -> R1 -> INF,inf
R4 -> R2 -> INF,inf
R4 -> R3 -> INF,inf
R4 -> R4 -> Local,0
R4 -> R5 -> INF,inf

R4 sends a LS_PDU: sender 4, router_id 4, link_id 1, cost1, via2
R4 sends a LS_PDU: sender 4, router_id 4, link_id 2, cost2, via2
R4 sends a LS_PDU: sender 4, router_id 4, link_id 6, cost6, via2
R4 receives a HELLO_PDU: router_id 5, link_id 6

# Topology Database:
R4 -> R4 nbr link 3
R4 -> R4 link 1 cost 1
R4 -> R4 link 2 cost 2
R4 -> R4 link 6 cost 6


# RIB:
R4 -> R1 -> INF,inf
R4 -> R2 -> INF,inf
R4 -> R3 -> INF,inf
R4 -> R4 -> Local,0
R4 -> R5 -> INF,inf

R4 sends a LS_PDU: sender 4, router_id 4, link_id 1, cost1, via6
R4 sends a LS_PDU: sender 4, router_id 4, link_id 2, cost2, via6
R4 sends a LS_PDU: sender 4, router_id 4, link_id 6, cost6, via6
R4 receives a LS_PDU: sender 1, router_id 1, link_id 1, cost1, via1

# Topology Database:
R4 -> R1 nbr link 1
R4 -> R1 link 1 cost 1
R4 -> R4 nbr link 3
R4 -> R4 link 1 cost 1
R4 -> R4 link 2 cost 2
R4 -> R4 link 6 cost 6

R4 sends a LS_PDU: sender 4, router_id 1, link_id 1, cost1, via2
R4 sends a LS_PDU: sender 4, router_id 1, link_id 1, cost1, via6

# RIB:
R4 -> R1 -> R1,1
R4 -> R2 -> R2,2
R4 -> R3 -> INF,inf
R4 -> R4 -> Local,0
R4 -> R5 -> R5,6

R4 receives a LS_PDU: sender 1, router_id 1, link_id 5, cost5, via1

# Topology Database:
R4 -> R1 nbr link 2
R4 -> R1 link 1 cost 1
R4 -> R1 link 5 cost 5
R4 -> R4 nbr link 3
R4 -> R4 link 1 cost 1
R4 -> R4 link 2 cost 2
R4 -> R4 link 6 cost 6

R4 sends a LS_PDU: sender 4, router_id 1, link_id 5, cost5, via2
R4 sends a LS_PDU: sender 4, router_id 1, link_id 5, cost5, via6

# RIB:
R4 -> R1 -> R1,1
R4 -> R2 -> R2,2
R4 -> R3 -> INF,inf
R4 -> R4 -> Local,0
R4 -> R5 -> R5,6

R4 receives a LS_PDU: sender 5, router_id 5, link_id 4, cost4, via6

# Topology Database:
R4 -> R1 nbr link 2
R4 -> R1 link 1 cost 1
R4 -> R1 link 5 cost 5
R4 -> R4 nbr link 3
R4 -> R4 link 1 cost 1
R4 -> R4 link 2 cost 2
R4 -> R4 link 6 cost 6
R4 -> R5 nbr link 1
R4 -> R5 link 4 cost 4

R4 sends a LS_PDU: sender 4, router_id 5, link_id 4, cost4, via1
R4 sends a LS_PDU: sender 4, router_id 5, link_id 4, cost4, via2

# RIB:
R4 -> R1 -> R1,1
R4 -> R2 -> R2,2
R4 -> R3 -> INF,inf
R4 -> R4 -> Local,0
R4 -> R5 -> R5,6

R4 receives a LS_PDU: sender 2, router_id 2, link_id 2, cost2, via2

# Topology Database:
R4 -> R1 nbr link 2
R4 -> R1 link 1 cost 1
R4 -> R1 link 5 cost 5
R4 -> R2 nbr link 1
R4 -> R2 link 2 cost 2
R4 -> R4 nbr link 3
R4 -> R4 link 1 cost 1
R4 -> R4 link 2 cost 2
R4 -> R4 link 6 cost 6
R4 -> R5 nbr link 1
R4 -> R5 link 4 cost 4

R4 sends a LS_PDU: sender 4, router_id 2, link_id 2, cost2, via1
R4 sends a LS_PDU: sender 4, router_id 2, link_id 2, cost2, via6

# RIB:
R4 -> R1 -> R1,1
R4 -> R2 -> R2,2
R4 -> R3 -> INF,inf
R4 -> R4 -> Local,0
R4 -> R5 -> R5,6

R4 receives a LS_PDU: sender 5, router_id 5, link_id 7, cost7, via6

# Topology Database:
R4 -> R1 nbr link 2
R4 -> R1 link 1 cost 1
R4 -> R1 link 5 cost 5
R4 -> R2 nbr link 1
R4 -> R2 link 2 cost 2
R4 -> R4 nbr link 3
R4 -> R4 link 1 cost 1
R4 -> R4 link 2 cost 2
R4 -> R4 link 6 cost 6
R4 -> R5 nbr link 2
R4 -> R5 link 4 cost 4
R4 -> R5 link 7 cost 7

R4 sends a LS_PDU: sender 4, router_id 5, link_id 7, cost7, via1
R4 sends a LS_PDU: sender 4, router_id 5, link_id 7, cost7, via2

# RIB:
R4 -> R1 -> R1,1
R4 -> R2 -> R2,2
R4 -> R3 -> INF,inf
R4 -> R4 -> Local,0
R4 -> R5 -> R5,6

R4 receives a LS_PDU: sender 2, router_id 2, link_id 7, cost7, via2

# Topology Database:
R4 -> R1 nbr link 2
R4 -> R1 link 1 cost 1
R4 -> R1 link 5 cost 5
R4 -> R2 nbr link 2
R4 -> R2 link 2 cost 2
R4 -> R2 link 7 cost 7
R4 -> R4 nbr link 3
R4 -> R4 link 1 cost 1
R4 -> R4 link 2 cost 2
R4 -> R4 link 6 cost 6
R4 -> R5 nbr link 2
R4 -> R5 link 4 cost 4
R4 -> R5 link 7 cost 7

R4 sends a LS_PDU: sender 4, router_id 2, link_id 7, cost7, via1
R4 sends a LS_PDU: sender 4, router_id 2, link_id 7, cost7, via6

# RIB:
R4 -> R1 -> R1,1
R4 -> R2 -> R2,2
R4 -> R3 -> INF,inf
R4 -> R4 -> Local,0
R4 -> R5 -> R5,6

R4 receives a LS_PDU: sender 2, router_id 2, link_id 3, cost3, via2

# Topology Database:
R4 -> R1 nbr link 2
R4 -> R1 link 1 cost 1
R4 -> R1 link 5 cost 5
R4 -> R2 nbr link 3
R4 -> R2 link 2 cost 2
R4 -> R2 link 7 cost 7
R4 -> R2 link 3 cost 3
R4 -> R4 nbr link 3
R4 -> R4 link 1 cost 1
R4 -> R4 link 2 cost 2
R4 -> R4 link 6 cost 6
R4 -> R5 nbr link 2
R4 -> R5 link 4 cost 4
R4 -> R5 link 7 cost 7

R4 sends a LS_PDU: sender 4, router_id 2, link_id 3, cost3, via1
R4 sends a LS_PDU: sender 4, router_id 2, link_id 3, cost3, via6

# RIB:
R4 -> R1 -> R1,1
R4 -> R2 -> R2,2
R4 -> R3 -> INF,inf
R4 -> R4 -> Local,0
R4 -> R5 -> R5,6

R4 receives a LS_PDU: sender 5, router_id 5, link_id 6, cost6, via6

# Topology Database:
R4 -> R1 nbr link 2
R4 -> R1 link 1 cost 1
R4 -> R1 link 5 cost 5
R4 -> R2 nbr link 3
R4 -> R2 link 2 cost 2
R4 -> R2 link 7 cost 7
R4 -> R2 link 3 cost 3
R4 -> R4 nbr link 3
R4 -> R4 link 1 cost 1
R4 -> R4 link 2 cost 2
R4 -> R4 link 6 cost 6
R4 -> R5 nbr link 3
R4 -> R5 link 4 cost 4
R4 -> R5 link 7 cost 7
R4 -> R5 link 6 cost 6

R4 sends a LS_PDU: sender 4, router_id 5, link_id 6, cost6, via1
R4 sends a LS_PDU: sender 4, router_id 5, link_id 6, cost6, via2

# RIB:
R4 -> R1 -> R1,1
R4 -> R2 -> R2,2
R4 -> R3 -> INF,inf
R4 -> R4 -> Local,0
R4 -> R5 -> R5,6

R4 receives a LS_PDU: sender 5, router_id 5, link_id 5, cost5, via6

# Topology Database:
R4 -> R1 nbr link 2
R4 -> R1 link 1 cost 1
R4 -> R1 link 5 cost 5
R4 -> R2 nbr link 3
R4 -> R2 link 2 cost 2
R4 -> R2 link 7 cost 7
R4 -> R2 link 3 cost 3
R4 -> R4 nbr link 3
R4 -> R4 link 1 cost 1
R4 -> R4 link 2 cost 2
R4 -> R4 link 6 cost 6
R4 -> R5 nbr link 4
R4 -> R5 link 4 cost 4
R4 -> R5 link 7 cost 7
R4 -> R5 link 6 cost 6
R4 -> R5 link 5 cost 5

R4 sends a LS_PDU: sender 4, router_id 5, link_id 5, cost5, via1
R4 sends a LS_PDU: sender 4, router_id 5, link_id 5, cost5, via2

# RIB:
R4 -> R1 -> R1,1
R4 -> R2 -> R2,2
R4 -> R3 -> INF,inf
R4 -> R4 -> Local,0
R4 -> R5 -> R5,6

R4 receives a LS_PDU: sender 2, router_id 3, link_id 3, cost3, via2

# Topology Database:
R4 -> R1 nbr link 2
R4 -> R1 link 1 cost 1
R4 -> R1 link 5 cost 5
R4 -> R2 nbr link 3
R4 -> R2 link 2 cost 2
R4 -> R2 link 7 cost 7
R4 -> R2 link 3 cost 3
R4 -> R3 nbr link 1
R4 -> R3 link 3 cost 3
R4 -> R4 nbr link 3
R4 -> R4 link 1 cost 1
R4 -> R4 link 2 cost 2
R4 -> R4 link 6 cost 6
R4 -> R5 nbr link 4
R4 -> R5 link 4 cost 4
R4 -> R5 link 7 cost 7
R4 -> R5 link 6 cost 6
R4 -> R5 link 5 cost 5

R4 sends a LS_PDU: sender 4, router_id 3, link_id 3, cost3, via1
R4 sends a LS_PDU: sender 4, router_id 3, link_id 3, cost3, via6

# RIB:
R4 -> R1 -> R1,1
R4 -> R2 -> R2,2
R4 -> R3 -> INF,inf
R4 -> R4 -> Local,0
R4 -> R5 -> R2,5

R4 receives a LS_PDU: sender 2, router_id 3, link_id 4, cost4, via2

# Topology Database:
R4 -> R1 nbr link 2
R4 -> R1 link 1 cost 1
R4 -> R1 link 5 cost 5
R4 -> R2 nbr link 3
R4 -> R2 link 2 cost 2
R4 -> R2 link 7 cost 7
R4 -> R2 link 3 cost 3
R4 -> R3 nbr link 2
R4 -> R3 link 3 cost 3
R4 -> R3 link 4 cost 4
R4 -> R4 nbr link 3
R4 -> R4 link 1 cost 1
R4 -> R4 link 2 cost 2
R4 -> R4 link 6 cost 6
R4 -> R5 nbr link 4
R4 -> R5 link 4 cost 4
R4 -> R5 link 7 cost 7
R4 -> R5 link 6 cost 6
R4 -> R5 link 5 cost 5

R4 sends a LS_PDU: sender 4, router_id 3, link_id 4, cost4, via1
R4 sends a LS_PDU: sender 4, router_id 3, link_id 4, cost4, via6

# RIB:
R4 -> R1 -> R1,1
R4 -> R2 -> R2,2
R4 -> R3 -> INF,inf
R4 -> R4 -> Local,0
R4 -> R5 -> R2,5

R4 receives a LS_PDU: sender 1, router_id 5, link_id 7, cost7, via1
R4 receives a LS_PDU: sender 5, router_id 3, link_id 3, cost3, via6
R4 receives a LS_PDU: sender 1, router_id 5, link_id 6, cost6, via1
R4 receives a LS_PDU: sender 5, router_id 3, link_id 4, cost4, via6
R4 receives a LS_PDU: sender 1, router_id 5, link_id 5, cost5, via1
R4 receives a LS_PDU: sender 2, router_id 5, link_id 4, cost4, via2
R4 receives a LS_PDU: sender 5, router_id 2, link_id 2, cost2, via6
R4 receives a LS_PDU: sender 2, router_id 5, link_id 7, cost7, via2
R4 receives a LS_PDU: sender 2, router_id 5, link_id 6, cost6, via2
R4 receives a LS_PDU: sender 2, router_id 5, link_id 5, cost5, via2
R4 receives a LS_PDU: sender 1, router_id 3, link_id 3, cost3, via1
R4 receives a LS_PDU: sender 1, router_id 3, link_id 4, cost4, via1
R4 receives a LS_PDU: sender 5, router_id 2, link_id 7, cost7, via6
R4 receives a LS_PDU: sender 5, router_id 2, link_id 3, cost3, via6
